<?xml version="1.0" encoding="UTF-8"?>
<testng-results ignored="0" total="5" passed="2" failed="3" skipped="0">
  <reporter-output>
  </reporter-output>
  <suite started-at="2022-01-30T03:34:53Z" name="Suite" finished-at="2022-01-30T03:35:14Z" duration-ms="21062">
    <groups>
    </groups>
    <test started-at="2022-01-30T03:34:53Z" name="Test" finished-at="2022-01-30T03:35:14Z" duration-ms="21062">
      <class name="TestCases.AddPayeeDatadriven">
        <test-method is-config="true" signature="launchBrowser()[pri:0, instance:TestCases.AddPayeeDatadriven@7205765b]" started-at="2022-01-29T22:34:53Z" name="launchBrowser" finished-at="2022-01-29T22:35:02Z" duration-ms="9280" status="PASS">
          <reporter-output>
          </reporter-output>
        </test-method> <!-- launchBrowser -->
        <test-method signature="login()[pri:1, instance:TestCases.AddPayeeDatadriven@7205765b]" started-at="2022-01-29T22:35:02Z" name="login" finished-at="2022-01-29T22:35:05Z" duration-ms="3440" status="PASS">
          <reporter-output>
          </reporter-output>
        </test-method> <!-- login -->
        <test-method signature="addPayee(java.lang.String, java.lang.String, java.lang.String, java.lang.String)[pri:2, instance:TestCases.AddPayeeDatadriven@7205765b]" started-at="2022-01-29T22:35:06Z" name="addPayee" data-provider="PayeeData" finished-at="2022-01-29T22:35:09Z" duration-ms="2450" status="PASS">
          <params>
            <param index="0">
              <value>
                <![CDATA[Payee1]]>
              </value>
            </param>
            <param index="1">
              <value>
                <![CDATA[brampton20 ]]>
              </value>
            </param>
            <param index="2">
              <value>
                <![CDATA[abbbb]]>
              </value>
            </param>
            <param index="3">
              <value>
                <![CDATA[hydro]]>
              </value>
            </param>
          </params>
          <reporter-output>
          </reporter-output>
        </test-method> <!-- addPayee -->
        <test-method signature="addPayee(java.lang.String, java.lang.String, java.lang.String, java.lang.String)[pri:2, instance:TestCases.AddPayeeDatadriven@7205765b]" started-at="2022-01-29T22:35:09Z" name="addPayee" data-provider="PayeeData" finished-at="2022-01-29T22:35:10Z" duration-ms="986" status="FAIL">
          <params>
            <param index="0">
              <value>
                <![CDATA[Payee2]]>
              </value>
            </param>
            <param index="1">
              <value>
                <![CDATA[ brampton]]>
              </value>
            </param>
            <param index="2">
              <value>
                <![CDATA[abbbb]]>
              </value>
            </param>
            <param index="3">
              <value>
                <![CDATA[hydro]]>
              </value>
            </param>
          </params>
          <exception class="java.lang.AssertionError">
            <message>
              <![CDATA[expected [The new payee Payee1 was successfully created.] but found [The new payee Payee2 was successfully created.]]]>
            </message>
            <full-stacktrace>
              <![CDATA[java.lang.AssertionError: expected [The new payee Payee1 was successfully created.] but found [The new payee Payee2 was successfully created.]
	at org.testng.Assert.fail(Assert.java:93)
	at org.testng.Assert.failNotEquals(Assert.java:512)
	at org.testng.Assert.assertEqualsImpl(Assert.java:134)
	at org.testng.Assert.assertEquals(Assert.java:115)
	at org.testng.Assert.assertEquals(Assert.java:189)
	at org.testng.Assert.assertEquals(Assert.java:199)
	at TestCases.AddPayeeDatadriven.addPayee(AddPayeeDatadriven.java:83)
	at java.base/jdk.internal.reflect.NativeMethodAccessorImpl.invoke0(Native Method)
	at java.base/jdk.internal.reflect.NativeMethodAccessorImpl.invoke(NativeMethodAccessorImpl.java:77)
	at java.base/jdk.internal.reflect.DelegatingMethodAccessorImpl.invoke(DelegatingMethodAccessorImpl.java:43)
	at java.base/java.lang.reflect.Method.invoke(Method.java:568)
	at org.testng.internal.MethodInvocationHelper.invokeMethod(MethodInvocationHelper.java:108)
	at org.testng.internal.Invoker.invokeMethod(Invoker.java:661)
	at org.testng.internal.Invoker.invokeTestMethod(Invoker.java:869)
	at org.testng.internal.Invoker.invokeTestMethods(Invoker.java:1193)
	at org.testng.internal.TestMethodWorker.invokeTestMethods(TestMethodWorker.java:126)
	at org.testng.internal.TestMethodWorker.run(TestMethodWorker.java:109)
	at org.testng.TestRunner.privateRun(TestRunner.java:744)
	at org.testng.TestRunner.run(TestRunner.java:602)
	at org.testng.SuiteRunner.runTest(SuiteRunner.java:380)
	at org.testng.SuiteRunner.runSequentially(SuiteRunner.java:375)
	at org.testng.SuiteRunner.privateRun(SuiteRunner.java:340)
	at org.testng.SuiteRunner.run(SuiteRunner.java:289)
	at org.testng.SuiteRunnerWorker.runSuite(SuiteRunnerWorker.java:52)
	at org.testng.SuiteRunnerWorker.run(SuiteRunnerWorker.java:86)
	at org.testng.TestNG.runSuitesSequentially(TestNG.java:1301)
	at org.testng.TestNG.runSuitesLocally(TestNG.java:1226)
	at org.testng.TestNG.runSuites(TestNG.java:1144)
	at org.testng.TestNG.run(TestNG.java:1115)
	at org.testng.remote.AbstractRemoteTestNG.run(AbstractRemoteTestNG.java:115)
	at org.testng.remote.RemoteTestNG.initAndRun(RemoteTestNG.java:251)
	at org.testng.remote.RemoteTestNG.main(RemoteTestNG.java:77)
]]>
            </full-stacktrace>
          </exception> <!-- java.lang.AssertionError -->
          <reporter-output>
          </reporter-output>
        </test-method> <!-- addPayee -->
        <test-method signature="addPayee(java.lang.String, java.lang.String, java.lang.String, java.lang.String)[pri:2, instance:TestCases.AddPayeeDatadriven@7205765b]" started-at="2022-01-29T22:35:10Z" name="addPayee" data-provider="PayeeData" finished-at="2022-01-29T22:35:12Z" duration-ms="1448" status="FAIL">
          <params>
            <param index="0">
              <value>
                <![CDATA[Payee3]]>
              </value>
            </param>
            <param index="1">
              <value>
                <![CDATA[brampton20 ]]>
              </value>
            </param>
            <param index="2">
              <value>
                <![CDATA[abbbb]]>
              </value>
            </param>
            <param index="3">
              <value>
                <![CDATA[hydro]]>
              </value>
            </param>
          </params>
          <exception class="java.lang.AssertionError">
            <message>
              <![CDATA[expected [The new payee Payee1 was successfully created.] but found [The new payee Payee3 was successfully created.]]]>
            </message>
            <full-stacktrace>
              <![CDATA[java.lang.AssertionError: expected [The new payee Payee1 was successfully created.] but found [The new payee Payee3 was successfully created.]
	at org.testng.Assert.fail(Assert.java:93)
	at org.testng.Assert.failNotEquals(Assert.java:512)
	at org.testng.Assert.assertEqualsImpl(Assert.java:134)
	at org.testng.Assert.assertEquals(Assert.java:115)
	at org.testng.Assert.assertEquals(Assert.java:189)
	at org.testng.Assert.assertEquals(Assert.java:199)
	at TestCases.AddPayeeDatadriven.addPayee(AddPayeeDatadriven.java:83)
	at java.base/jdk.internal.reflect.NativeMethodAccessorImpl.invoke0(Native Method)
	at java.base/jdk.internal.reflect.NativeMethodAccessorImpl.invoke(NativeMethodAccessorImpl.java:77)
	at java.base/jdk.internal.reflect.DelegatingMethodAccessorImpl.invoke(DelegatingMethodAccessorImpl.java:43)
	at java.base/java.lang.reflect.Method.invoke(Method.java:568)
	at org.testng.internal.MethodInvocationHelper.invokeMethod(MethodInvocationHelper.java:108)
	at org.testng.internal.Invoker.invokeMethod(Invoker.java:661)
	at org.testng.internal.Invoker.invokeTestMethod(Invoker.java:869)
	at org.testng.internal.Invoker.invokeTestMethods(Invoker.java:1193)
	at org.testng.internal.TestMethodWorker.invokeTestMethods(TestMethodWorker.java:126)
	at org.testng.internal.TestMethodWorker.run(TestMethodWorker.java:109)
	at org.testng.TestRunner.privateRun(TestRunner.java:744)
	at org.testng.TestRunner.run(TestRunner.java:602)
	at org.testng.SuiteRunner.runTest(SuiteRunner.java:380)
	at org.testng.SuiteRunner.runSequentially(SuiteRunner.java:375)
	at org.testng.SuiteRunner.privateRun(SuiteRunner.java:340)
	at org.testng.SuiteRunner.run(SuiteRunner.java:289)
	at org.testng.SuiteRunnerWorker.runSuite(SuiteRunnerWorker.java:52)
	at org.testng.SuiteRunnerWorker.run(SuiteRunnerWorker.java:86)
	at org.testng.TestNG.runSuitesSequentially(TestNG.java:1301)
	at org.testng.TestNG.runSuitesLocally(TestNG.java:1226)
	at org.testng.TestNG.runSuites(TestNG.java:1144)
	at org.testng.TestNG.run(TestNG.java:1115)
	at org.testng.remote.AbstractRemoteTestNG.run(AbstractRemoteTestNG.java:115)
	at org.testng.remote.RemoteTestNG.initAndRun(RemoteTestNG.java:251)
	at org.testng.remote.RemoteTestNG.main(RemoteTestNG.java:77)
]]>
            </full-stacktrace>
          </exception> <!-- java.lang.AssertionError -->
          <reporter-output>
          </reporter-output>
        </test-method> <!-- addPayee -->
        <test-method signature="addPayee(java.lang.String, java.lang.String, java.lang.String, java.lang.String)[pri:2, instance:TestCases.AddPayeeDatadriven@7205765b]" started-at="2022-01-29T22:35:12Z" name="addPayee" data-provider="PayeeData" finished-at="2022-01-29T22:35:13Z" duration-ms="962" status="FAIL">
          <params>
            <param index="0">
              <value>
                <![CDATA[Payee4]]>
              </value>
            </param>
            <param index="1">
              <value>
                <![CDATA[brampton20 ]]>
              </value>
            </param>
            <param index="2">
              <value>
                <![CDATA[abbbb]]>
              </value>
            </param>
            <param index="3">
              <value>
                <![CDATA[hydro]]>
              </value>
            </param>
          </params>
          <exception class="java.lang.AssertionError">
            <message>
              <![CDATA[expected [The new payee Payee1 was successfully created.] but found [The new payee Payee4 was successfully created.]]]>
            </message>
            <full-stacktrace>
              <![CDATA[java.lang.AssertionError: expected [The new payee Payee1 was successfully created.] but found [The new payee Payee4 was successfully created.]
	at org.testng.Assert.fail(Assert.java:93)
	at org.testng.Assert.failNotEquals(Assert.java:512)
	at org.testng.Assert.assertEqualsImpl(Assert.java:134)
	at org.testng.Assert.assertEquals(Assert.java:115)
	at org.testng.Assert.assertEquals(Assert.java:189)
	at org.testng.Assert.assertEquals(Assert.java:199)
	at TestCases.AddPayeeDatadriven.addPayee(AddPayeeDatadriven.java:83)
	at java.base/jdk.internal.reflect.NativeMethodAccessorImpl.invoke0(Native Method)
	at java.base/jdk.internal.reflect.NativeMethodAccessorImpl.invoke(NativeMethodAccessorImpl.java:77)
	at java.base/jdk.internal.reflect.DelegatingMethodAccessorImpl.invoke(DelegatingMethodAccessorImpl.java:43)
	at java.base/java.lang.reflect.Method.invoke(Method.java:568)
	at org.testng.internal.MethodInvocationHelper.invokeMethod(MethodInvocationHelper.java:108)
	at org.testng.internal.Invoker.invokeMethod(Invoker.java:661)
	at org.testng.internal.Invoker.invokeTestMethod(Invoker.java:869)
	at org.testng.internal.Invoker.invokeTestMethods(Invoker.java:1193)
	at org.testng.internal.TestMethodWorker.invokeTestMethods(TestMethodWorker.java:126)
	at org.testng.internal.TestMethodWorker.run(TestMethodWorker.java:109)
	at org.testng.TestRunner.privateRun(TestRunner.java:744)
	at org.testng.TestRunner.run(TestRunner.java:602)
	at org.testng.SuiteRunner.runTest(SuiteRunner.java:380)
	at org.testng.SuiteRunner.runSequentially(SuiteRunner.java:375)
	at org.testng.SuiteRunner.privateRun(SuiteRunner.java:340)
	at org.testng.SuiteRunner.run(SuiteRunner.java:289)
	at org.testng.SuiteRunnerWorker.runSuite(SuiteRunnerWorker.java:52)
	at org.testng.SuiteRunnerWorker.run(SuiteRunnerWorker.java:86)
	at org.testng.TestNG.runSuitesSequentially(TestNG.java:1301)
	at org.testng.TestNG.runSuitesLocally(TestNG.java:1226)
	at org.testng.TestNG.runSuites(TestNG.java:1144)
	at org.testng.TestNG.run(TestNG.java:1115)
	at org.testng.remote.AbstractRemoteTestNG.run(AbstractRemoteTestNG.java:115)
	at org.testng.remote.RemoteTestNG.initAndRun(RemoteTestNG.java:251)
	at org.testng.remote.RemoteTestNG.main(RemoteTestNG.java:77)
]]>
            </full-stacktrace>
          </exception> <!-- java.lang.AssertionError -->
          <reporter-output>
          </reporter-output>
        </test-method> <!-- addPayee -->
        <test-method is-config="true" signature="closeBrowser()[pri:0, instance:TestCases.AddPayeeDatadriven@7205765b]" started-at="2022-01-29T22:35:13Z" name="closeBrowser" finished-at="2022-01-29T22:35:14Z" duration-ms="194" status="PASS">
          <reporter-output>
          </reporter-output>
        </test-method> <!-- closeBrowser -->
      </class> <!-- TestCases.AddPayeeDatadriven -->
    </test> <!-- Test -->
  </suite> <!-- Suite -->
</testng-results>
